# JRE version: OpenJDK Runtime Environment (17.0.1+12) (build 17.0.1+12-39)
# Java VM: OpenJDK 64-Bit Server VM (17.0.1+12-39, mixed mode, sharing, tiered, compressed oops, compressed class ptrs, g1 gc, bsd-amd64)
GC Precious Log:
 CPUs: 8 total, 8 available
 Memory: 8192M
 Large Page Support: Disabled
 NUMA Support: Disabled
 Compressed Oops: Enabled (Zero based)
 Heap Region Size: 1M
 Heap Min Capacity: 8M
 Heap Initial Capacity: 128M
 Heap Max Capacity: 2G
 Pre-touch: Disabled
 Parallel Workers: 8
 Concurrent Workers: 2
 Concurrent Refinement Workers: 8
 Periodic GC: Disabled
Heap:
 garbage-first heap   total 419840K, used 284017K [0x0000000780000000, 0x0000000800000000)
  region size 1024K, 166 young (169984K), 5 survivors (5120K)
 Metaspace       used 60912K, committed 61504K, reserved 1105920K
  class space    used 8326K, committed 8576K, reserved 1048576K
GC Heap History (20 events):
Event: 8.246 GC heap before
{Heap before GC invocations=18 (full 0):
 garbage-first heap   total 129024K, used 103483K [0x0000000780000000, 0x0000000800000000)
  region size 1024K, 37 young (37888K), 4 survivors (4096K)
 Metaspace       used 38519K, committed 39040K, reserved 1089536K
  class space    used 4710K, committed 4928K, reserved 1048576K
}
Event: 8.250 GC heap after
{Heap after GC invocations=19 (full 0):
 garbage-first heap   total 129024K, used 73519K [0x0000000780000000, 0x0000000800000000)
  region size 1024K, 4 young (4096K), 4 survivors (4096K)
 Metaspace       used 38519K, committed 39040K, reserved 1089536K
  class space    used 4710K, committed 4928K, reserved 1048576K
}
Event: 8.373 GC heap before
{Heap before GC invocations=19 (full 0):
 garbage-first heap   total 129024K, used 104239K [0x0000000780000000, 0x0000000800000000)
  region size 1024K, 34 young (34816K), 4 survivors (4096K)
 Metaspace       used 38757K, committed 39232K, reserved 1089536K
  class space    used 4746K, committed 4928K, reserved 1048576K
}
Event: 8.378 GC heap after
{Heap after GC invocations=20 (full 0):
 garbage-first heap   total 129024K, used 77776K [0x0000000780000000, 0x0000000800000000)
  region size 1024K, 5 young (5120K), 5 survivors (5120K)
 Metaspace       used 38757K, committed 39232K, reserved 1089536K
  class space    used 4746K, committed 4928K, reserved 1048576K
}
Event: 8.473 GC heap before
{Heap before GC invocations=21 (full 0):
 garbage-first heap   total 143360K, used 104400K [0x0000000780000000, 0x0000000800000000)
  region size 1024K, 31 young (31744K), 5 survivors (5120K)
 Metaspace       used 38757K, committed 39232K, reserved 1089536K
  class space    used 4746K, committed 4928K, reserved 1048576K
}
Event: 8.477 GC heap after
{Heap after GC invocations=22 (full 0):
 garbage-first heap   total 143360K, used 80603K [0x0000000780000000, 0x0000000800000000)
  region size 1024K, 3 young (3072K), 3 survivors (3072K)
 Metaspace       used 38757K, committed 39232K, reserved 1089536K
  class space    used 4746K, committed 4928K, reserved 1048576K
}
Event: 8.531 GC heap before
{Heap before GC invocations=22 (full 0):
 garbage-first heap   total 143360K, used 115419K [0x0000000780000000, 0x0000000800000000)
  region size 1024K, 37 young (37888K), 3 survivors (3072K)
 Metaspace       used 38757K, committed 39232K, reserved 1089536K
  class space    used 4746K, committed 4928K, reserved 1048576K
}
Event: 8.534 GC heap after
{Heap after GC invocations=23 (full 0):
 garbage-first heap   total 189440K, used 83870K [0x0000000780000000, 0x0000000800000000)
  region size 1024K, 5 young (5120K), 5 survivors (5120K)
 Metaspace       used 38757K, committed 39232K, reserved 1089536K
  class space    used 4746K, committed 4928K, reserved 1048576K
}
Event: 8.820 GC heap before
{Heap before GC invocations=24 (full 0):
 garbage-first heap   total 189440K, used 150430K [0x0000000780000000, 0x0000000800000000)
  region size 1024K, 70 young (71680K), 5 survivors (5120K)
 Metaspace       used 39450K, committed 39872K, reserved 1089536K
  class space    used 4821K, committed 4992K, reserved 1048576K
}
Event: 8.827 GC heap after
{Heap after GC invocations=25 (full 0):
 garbage-first heap   total 189440K, used 91092K [0x0000000780000000, 0x0000000800000000)
  region size 1024K, 9 young (9216K), 9 survivors (9216K)
 Metaspace       used 39450K, committed 39872K, reserved 1089536K
  class space    used 4821K, committed 4992K, reserved 1048576K
}
Event: 8.831 GC heap before
{Heap before GC invocations=25 (full 0):
 garbage-first heap   total 189440K, used 92116K [0x0000000780000000, 0x0000000800000000)
  region size 1024K, 10 young (10240K), 9 survivors (9216K)
 Metaspace       used 39450K, committed 39872K, reserved 1089536K
  class space    used 4821K, committed 4992K, reserved 1048576K
}
Event: 8.835 GC heap after
{Heap after GC invocations=26 (full 0):
 garbage-first heap   total 189440K, used 91722K [0x0000000780000000, 0x0000000800000000)
  region size 1024K, 1 young (1024K), 1 survivors (1024K)
 Metaspace       used 39450K, committed 39872K, reserved 1089536K
  class space    used 4821K, committed 4992K, reserved 1048576K
}
Event: 9.090 GC heap before
{Heap before GC invocations=26 (full 0):
 garbage-first heap   total 189440K, used 150090K [0x0000000780000000, 0x0000000800000000)
  region size 1024K, 58 young (59392K), 1 survivors (1024K)
 Metaspace       used 41286K, committed 41728K, reserved 1089536K
  class space    used 5111K, committed 5312K, reserved 1048576K
}
Event: 9.095 GC heap after
{Heap after GC invocations=27 (full 0):
 garbage-first heap   total 189440K, used 95562K [0x0000000780000000, 0x0000000800000000)
  region size 1024K, 5 young (5120K), 5 survivors (5120K)
 Metaspace       used 41286K, committed 41728K, reserved 1089536K
  class space    used 5111K, committed 5312K, reserved 1048576K
}
Event: 9.623 GC heap before
{Heap before GC invocations=28 (full 0):
 garbage-first heap   total 189440K, used 152906K [0x0000000780000000, 0x0000000800000000)
  region size 1024K, 59 young (60416K), 5 survivors (5120K)
 Metaspace       used 44003K, committed 44544K, reserved 1089536K
  class space    used 5462K, committed 5696K, reserved 1048576K
}
Event: 9.630 GC heap after
{Heap after GC invocations=29 (full 0):
 garbage-first heap   total 189440K, used 110391K [0x0000000780000000, 0x0000000800000000)
  region size 1024K, 8 young (8192K), 8 survivors (8192K)
 Metaspace       used 44003K, committed 44544K, reserved 1089536K
  class space    used 5462K, committed 5696K, reserved 1048576K
}
Event: 9.654 GC heap before
{Heap before GC invocations=29 (full 0):
 garbage-first heap   total 189440K, used 111415K [0x0000000780000000, 0x0000000800000000)
  region size 1024K, 9 young (9216K), 8 survivors (8192K)
 Metaspace       used 44088K, committed 44608K, reserved 1089536K
  class space    used 5478K, committed 5696K, reserved 1048576K
}
Event: 9.659 GC heap after
{Heap after GC invocations=30 (full 0):
 garbage-first heap   total 189440K, used 111922K [0x0000000780000000, 0x0000000800000000)
  region size 1024K, 2 young (2048K), 2 survivors (2048K)
 Metaspace       used 44088K, committed 44608K, reserved 1089536K
  class space    used 5478K, committed 5696K, reserved 1048576K
}
Event: 10.036 GC heap before
{Heap before GC invocations=30 (full 0):
 garbage-first heap   total 189440K, used 148786K [0x0000000780000000, 0x0000000800000000)
  region size 1024K, 38 young (38912K), 2 survivors (2048K)
 Metaspace       used 47161K, committed 47616K, reserved 1097728K
  class space    used 6059K, committed 6272K, reserved 1048576K
}
Event: 10.042 GC heap after
{Heap after GC invocations=31 (full 0):
 garbage-first heap   total 453632K, used 120177K [0x0000000780000000, 0x0000000800000000)
  region size 1024K, 5 young (5120K), 5 survivors (5120K)
 Metaspace       used 47161K, committed 47616K, reserved 1097728K
  class space    used 6059K, committed 6272K, reserved 1048576K
}

